<?xml version="1.0" encoding="UTF-8"?>
<robot generator="Robot 4.0 (Python 3.9.1 on win32)" generated="20210405 20:06:12.289" rpa="false" schemaversion="2">
<suite id="s1" name="Tests" source="C:\RobotFramework\grupoRobot\Tests">
<suite id="s1-s1" name="Test1" source="C:\RobotFramework\grupoRobot\Tests\test1.robot">
<test id="s1-s1-t1" name="Scenario1: Valid Search">
<kw name="Start Session" library="hooks" type="SETUP">
<kw name="Open Browser" library="SeleniumLibrary">
<arg>${BASE_URL}</arg>
<arg>${BROWSER}</arg>
<doc>Opens a new browser instance to the optional ``url``.</doc>
<msg timestamp="20210405 20:06:12.468" level="INFO">Opening browser 'chrome' to base url 'https://www.amazon.com.br/'.</msg>
<status status="PASS" starttime="20210405 20:06:12.468" endtime="20210405 20:06:24.582"/>
</kw>
<kw name="Set Window Size" library="SeleniumLibrary">
<arg>1400</arg>
<arg>900</arg>
<doc>Sets current windows size to given ``width`` and ``height``.</doc>
<status status="PASS" starttime="20210405 20:06:24.582" endtime="20210405 20:06:24.697"/>
</kw>
<status status="PASS" starttime="20210405 20:06:12.468" endtime="20210405 20:06:24.697"/>
</kw>
<kw name="Given I have an desired item to search &quot;PS5&quot;" library="test1Page" sourcename="Given I have an desired item to search &quot;${item}&quot;">
<kw name="Set Test Variable" library="BuiltIn">
<arg>${item}</arg>
<doc>Makes a variable available everywhere within the scope of the current test.</doc>
<msg timestamp="20210405 20:06:24.698" level="INFO">${item} = PS5</msg>
<status status="PASS" starttime="20210405 20:06:24.698" endtime="20210405 20:06:24.698"/>
</kw>
<status status="PASS" starttime="20210405 20:06:24.697" endtime="20210405 20:06:24.698"/>
</kw>
<kw name="When I search for it" library="test1Page">
<kw name="Input Text" library="SeleniumLibrary">
<arg>${searchField}</arg>
<arg>${item}</arg>
<doc>Types the given ``text`` into the text field identified by ``locator``.</doc>
<msg timestamp="20210405 20:06:24.699" level="INFO">Typing text 'PS5' into text field 'id:twotabsearchtextbox'.</msg>
<status status="PASS" starttime="20210405 20:06:24.699" endtime="20210405 20:06:24.901"/>
</kw>
<kw name="Click Button" library="SeleniumLibrary">
<arg>${searchButton}</arg>
<doc>Clicks the button identified by ``locator``.</doc>
<msg timestamp="20210405 20:06:24.902" level="INFO">Clicking button 'css:input[id*=submit]'.</msg>
<status status="PASS" starttime="20210405 20:06:24.901" endtime="20210405 20:06:28.120"/>
</kw>
<kw name="Log" library="BuiltIn">
<arg>TestoProLog :)</arg>
<doc>Logs the given message with the given level.</doc>
<msg timestamp="20210405 20:06:28.120" level="INFO">TestoProLog :)</msg>
<status status="PASS" starttime="20210405 20:06:28.120" endtime="20210405 20:06:28.121"/>
</kw>
<status status="PASS" starttime="20210405 20:06:24.699" endtime="20210405 20:06:28.121"/>
</kw>
<kw name="Then I must see all results found" library="test1Page">
<kw name="Title Should Be" library="SeleniumLibrary">
<arg>Amazon.com.br : ${item}</arg>
<doc>Verifies that the current page title equals ``title``.</doc>
<msg timestamp="20210405 20:06:28.129" level="INFO">Page title is 'Amazon.com.br : PS5'.</msg>
<status status="PASS" starttime="20210405 20:06:28.122" endtime="20210405 20:06:28.129"/>
</kw>
<status status="PASS" starttime="20210405 20:06:28.121" endtime="20210405 20:06:28.129"/>
</kw>
<kw name="Finish Session" library="hooks" type="TEARDOWN">
<kw name="Capture Page Screenshot" library="SeleniumLibrary">
<doc>Takes a screenshot of the current page and embeds it into a log file.</doc>
<msg timestamp="20210405 20:06:28.467" level="INFO" html="true">&lt;/td&gt;&lt;/tr&gt;&lt;tr&gt;&lt;td colspan="3"&gt;&lt;a href="selenium-screenshot-6.png"&gt;&lt;img src="selenium-screenshot-6.png" width="800px"&gt;&lt;/a&gt;</msg>
<status status="PASS" starttime="20210405 20:06:28.131" endtime="20210405 20:06:28.467"/>
</kw>
<kw name="Close Browser" library="SeleniumLibrary">
<doc>Closes the current browser.</doc>
<status status="PASS" starttime="20210405 20:06:28.467" endtime="20210405 20:06:30.606"/>
</kw>
<status status="PASS" starttime="20210405 20:06:28.130" endtime="20210405 20:06:30.606"/>
</kw>
<status status="PASS" starttime="20210405 20:06:12.467" endtime="20210405 20:06:30.606"/>
</test>
<doc>Open Amazon website</doc>
<status status="PASS" starttime="20210405 20:06:12.311" endtime="20210405 20:06:30.607"/>
</suite>
<status status="PASS" starttime="20210405 20:06:12.290" endtime="20210405 20:06:30.609"/>
</suite>
<statistics>
<total>
<stat pass="1" fail="0" skip="0">All Tests</stat>
</total>
<tag>
</tag>
<suite>
<stat pass="1" fail="0" skip="0" id="s1" name="Tests">Tests</stat>
<stat pass="1" fail="0" skip="0" id="s1-s1" name="Test1">Tests.Test1</stat>
</suite>
</statistics>
<errors>
</errors>
</robot>
